<?xml version="1.0" encoding="UTF-8"?>
<!-- Generated by org.testng.reporters.JUnitReportReporter -->
<testsuite hostname="LAPTOP-N1J8R0AL" failures="0" tests="1" name="driverFactory.DriverScript" time="15.086" errors="0" timestamp="11 Apr 2024 14:17:49 GMT">
  <testcase classname="driverFactory.DriverScript" name="startTest" time="15.086"/>
</testsuite> <!-- driverFactory.DriverScript -->
